<component name="libraryTable">
  <library name="junit-4">
    <CLASSES>
      <root url="file://$PROJECT_DIR$/bibliotecas/junit-4.12" />
    </CLASSES>
    <JAVADOC />
    <SOURCES />
  </library>
</component>